2014-10-15 01:07:34,642 - INFO : 
------------------------------------------------------------------------------
  PyXLL 

  Version          2.2.1
  Buildtime        2014-08-20 21:49
  Python version   2.7.6.final.0
  Excel version    15.0

  www.pyxll.com
------------------------------------------------------------------------------

2014-10-15 01:24:47,543 - INFO : 
------------------------------------------------------------------------------
  PyXLL 

  Version          2.2.1
  Buildtime        2014-08-20 21:49
  Python version   2.7.6.final.0
  Excel version    15.0

  www.pyxll.com
------------------------------------------------------------------------------

2014-10-15 01:24:51,325 - ERROR : log4net:ERROR XmlHierarchyConfigurator: Cannot find Property [add] to set object on [log4net.Repository.Hierarchy.Hierarchy]
2014-10-15 15:48:35,528 - INFO : 
------------------------------------------------------------------------------
  PyXLL 

  Version          2.2.1
  Buildtime        2014-08-20 21:49
  Python version   2.7.6.final.0
  Excel version    15.0

  www.pyxll.com
------------------------------------------------------------------------------

2014-10-15 15:48:42,733 - ERROR : log4net:ERROR XmlHierarchyConfigurator: Cannot find Property [add] to set object on [log4net.Repository.Hierarchy.Hierarchy]
2014-10-15 16:49:07,173 - INFO : 
------------------------------------------------------------------------------
  PyXLL 

  Version          2.2.1
  Buildtime        2014-08-20 21:49
  Python version   2.7.6.final.0
  Excel version    15.0

  www.pyxll.com
------------------------------------------------------------------------------

2014-10-15 16:49:10,831 - ERROR : log4net:ERROR XmlHierarchyConfigurator: Cannot find Property [add] to set object on [log4net.Repository.Hierarchy.Hierarchy]
2014-10-15 17:07:45,226 - INFO : 
------------------------------------------------------------------------------
  PyXLL 

  Version          2.2.1
  Buildtime        2014-08-20 21:49
  Python version   2.7.6.final.0
  Excel version    15.0

  www.pyxll.com
------------------------------------------------------------------------------

2014-10-15 17:07:48,398 - ERROR : log4net:ERROR XmlHierarchyConfigurator: Cannot find Property [add] to set object on [log4net.Repository.Hierarchy.Hierarchy]
2014-10-15 17:40:24,223 - INFO : 
------------------------------------------------------------------------------
  PyXLL 

  Version          2.2.1
  Buildtime        2014-08-20 21:49
  Python version   2.7.6.final.0
  Excel version    15.0

  www.pyxll.com
------------------------------------------------------------------------------

2014-10-15 17:40:27,677 - ERROR : log4net:ERROR XmlHierarchyConfigurator: Cannot find Property [add] to set object on [log4net.Repository.Hierarchy.Hierarchy]
