2014-10-14 00:25:58,378 - INFO : 
------------------------------------------------------------------------------
  PyXLL 

  Version          2.2.1
  Buildtime        2014-08-20 21:49
  Python version   2.7.6.final.0
  Excel version    15.0

  www.pyxll.com
------------------------------------------------------------------------------

2014-10-14 00:26:01,421 - ERROR : log4net:ERROR XmlHierarchyConfigurator: Cannot find Property [add] to set object on [log4net.Repository.Hierarchy.Hierarchy]
2014-10-14 20:20:58,720 - INFO : 
------------------------------------------------------------------------------
  PyXLL 

  Version          2.2.1
  Buildtime        2014-08-20 21:49
  Python version   2.7.6.final.0
  Excel version    15.0

  www.pyxll.com
------------------------------------------------------------------------------

2014-10-14 20:21:09,371 - ERROR : log4net:ERROR XmlHierarchyConfigurator: Cannot find Property [add] to set object on [log4net.Repository.Hierarchy.Hierarchy]
2014-10-14 20:27:38,361 - INFO : 
------------------------------------------------------------------------------
  PyXLL 

  Version          2.2.1
  Buildtime        2014-08-20 21:49
  Python version   2.7.6.final.0
  Excel version    15.0

  www.pyxll.com
------------------------------------------------------------------------------

2014-10-14 20:27:41,684 - ERROR : log4net:ERROR XmlHierarchyConfigurator: Cannot find Property [add] to set object on [log4net.Repository.Hierarchy.Hierarchy]
2014-10-14 20:29:23,880 - INFO : 
------------------------------------------------------------------------------
  PyXLL 

  Version          2.2.1
  Buildtime        2014-08-20 21:49
  Python version   2.7.6.final.0
  Excel version    15.0

  www.pyxll.com
------------------------------------------------------------------------------

2014-10-14 20:29:27,151 - ERROR : log4net:ERROR XmlHierarchyConfigurator: Cannot find Property [add] to set object on [log4net.Repository.Hierarchy.Hierarchy]
2014-10-14 20:30:25,733 - INFO : 
------------------------------------------------------------------------------
  PyXLL 

  Version          2.2.1
  Buildtime        2014-08-20 21:49
  Python version   2.7.6.final.0
  Excel version    15.0

  www.pyxll.com
------------------------------------------------------------------------------

2014-10-14 20:30:28,986 - ERROR : log4net:ERROR XmlHierarchyConfigurator: Cannot find Property [add] to set object on [log4net.Repository.Hierarchy.Hierarchy]
2014-10-14 20:43:32,655 - INFO : 
------------------------------------------------------------------------------
  PyXLL 

  Version          2.2.1
  Buildtime        2014-08-20 21:49
  Python version   2.7.6.final.0
  Excel version    15.0

  www.pyxll.com
------------------------------------------------------------------------------

2014-10-14 20:43:36,234 - ERROR : log4net:ERROR XmlHierarchyConfigurator: Cannot find Property [add] to set object on [log4net.Repository.Hierarchy.Hierarchy]
2014-10-14 20:44:55,036 - INFO : 
------------------------------------------------------------------------------
  PyXLL 

  Version          2.2.1
  Buildtime        2014-08-20 21:49
  Python version   2.7.6.final.0
  Excel version    15.0

  www.pyxll.com
------------------------------------------------------------------------------

2014-10-14 20:44:58,470 - ERROR : log4net:ERROR XmlHierarchyConfigurator: Cannot find Property [add] to set object on [log4net.Repository.Hierarchy.Hierarchy]
2014-10-14 20:48:03,122 - INFO : 
------------------------------------------------------------------------------
  PyXLL 

  Version          2.2.1
  Buildtime        2014-08-20 21:49
  Python version   2.7.6.final.0
  Excel version    15.0

  www.pyxll.com
------------------------------------------------------------------------------

2014-10-14 20:48:06,726 - ERROR : log4net:ERROR XmlHierarchyConfigurator: Cannot find Property [add] to set object on [log4net.Repository.Hierarchy.Hierarchy]
2014-10-14 21:11:26,648 - INFO : 
------------------------------------------------------------------------------
  PyXLL 

  Version          2.2.1
  Buildtime        2014-08-20 21:49
  Python version   2.7.6.final.0
  Excel version    15.0

  www.pyxll.com
------------------------------------------------------------------------------

2014-10-14 21:11:30,131 - ERROR : log4net:ERROR XmlHierarchyConfigurator: Cannot find Property [add] to set object on [log4net.Repository.Hierarchy.Hierarchy]
2014-10-14 21:24:06,783 - INFO : 
------------------------------------------------------------------------------
  PyXLL 

  Version          2.2.1
  Buildtime        2014-08-20 21:49
  Python version   2.7.6.final.0
  Excel version    15.0

  www.pyxll.com
------------------------------------------------------------------------------

2014-10-14 21:24:10,088 - ERROR : log4net:ERROR XmlHierarchyConfigurator: Cannot find Property [add] to set object on [log4net.Repository.Hierarchy.Hierarchy]
2014-10-14 21:31:14,259 - INFO : 
------------------------------------------------------------------------------
  PyXLL 

  Version          2.2.1
  Buildtime        2014-08-20 21:49
  Python version   2.7.6.final.0
  Excel version    15.0

  www.pyxll.com
------------------------------------------------------------------------------

2014-10-14 21:31:17,601 - ERROR : log4net:ERROR XmlHierarchyConfigurator: Cannot find Property [add] to set object on [log4net.Repository.Hierarchy.Hierarchy]
2014-10-14 21:47:43,137 - INFO : 
------------------------------------------------------------------------------
  PyXLL 

  Version          2.2.1
  Buildtime        2014-08-20 21:49
  Python version   2.7.6.final.0
  Excel version    15.0

  www.pyxll.com
------------------------------------------------------------------------------

2014-10-14 21:47:46,411 - ERROR : log4net:ERROR XmlHierarchyConfigurator: Cannot find Property [add] to set object on [log4net.Repository.Hierarchy.Hierarchy]
2014-10-14 22:20:49,216 - INFO : 
------------------------------------------------------------------------------
  PyXLL 

  Version          2.2.1
  Buildtime        2014-08-20 21:49
  Python version   2.7.6.final.0
  Excel version    15.0

  www.pyxll.com
------------------------------------------------------------------------------

2014-10-14 22:20:52,911 - ERROR : log4net:ERROR XmlHierarchyConfigurator: Cannot find Property [add] to set object on [log4net.Repository.Hierarchy.Hierarchy]
2014-10-14 23:27:11,993 - INFO : 
------------------------------------------------------------------------------
  PyXLL 

  Version          2.2.1
  Buildtime        2014-08-20 21:49
  Python version   2.7.6.final.0
  Excel version    15.0

  www.pyxll.com
------------------------------------------------------------------------------

